#
# A fatal error has been detected by the Java Runtime Environment:
#
#  EXCEPTION_ACCESS_VIOLATION (0xc0000005) at pc=0x00000000772cbbfb, pid=24692, tid=0x0000000000003ae8
#
# JRE version: Java(TM) SE Runtime Environment (8.0_341-b10) (build 1.8.0_341-b10)
# Java VM: Java HotSpot(TM) 64-Bit Server VM (25.341-b10 mixed mode windows-amd64 compressed oops)
# Problematic frame:
# V  [jvm.dll+0x20bbfb]
#
# Failed to write core dump. Minidumps are not enabled by default on client versions of Windows
#
# If you would like to submit a bug report, please visit:
#   http://bugreport.java.com/bugreport/crash.jsp
#

---------------  T H R E A D  ---------------

Current thread (0x000001c15afe4800):  JavaThread "AMQP Connection 8.130.108.213:5672" [_thread_in_vm, id=15080, stack(0x0000000b8e300000,0x0000000b8e400000)]

siginfo: ExceptionCode=0xc0000005, writing address 0x0000000b8e3fa190

Registers:
RAX=0x0000000000000006, RBX=0x0000000000000006, RCX=0x0000000b8e3fa190, RDX=0x0000000000005000
RSP=0x0000000b8e3ff190, RBP=0x0000000b8e3ff290, RSI=0x0000000000000006, RDI=0x000001c152f1e3b0
R8 =0x0000000000000005, R9 =0x0000000000000006, R10=0x000001c15afbfba0, R11=0x000001c152f1e3b0
R12=0x000001c156196150, R13=0x0000000b8e3ff560, R14=0x0000000b8e3ff490, R15=0x0000000b8e3ff190
RIP=0x00000000772cbbfb, EFLAGS=0x0000000000010206

Top of Stack: (sp=0x0000000b8e3ff190)
0x0000000b8e3ff190:   000001c15afe4800 0000000000000001
0x0000000b8e3ff1a0:   000001c152f1e3b0 00000000771879ca
0x0000000b8e3ff1b0:   000001c152f1e3b0 000001c15afe4800
0x0000000b8e3ff1c0:   0000000000000000 0000000000000000
0x0000000b8e3ff1d0:   0000000ac0006c00 000001c152f1e3b0
0x0000000b8e3ff1e0:   000001c15afe4800 000001c13a6e4a20
0x0000000b8e3ff1f0:   0000000000000001 0000000000000000
0x0000000b8e3ff200:   000001c152f1e3b0 0000000000000001
0x0000000b8e3ff210:   0000000000000005 000001c15afe4800
0x0000000b8e3ff220:   000001c152f1e3b0 000001c15afe4800
0x0000000b8e3ff230:   000001c152f1e3b0 000001c15afe4800
0x0000000b8e3ff240:   000001c15afe4800 000001c15afe4800
0x0000000b8e3ff250:   0000000000000005 000001c152f1e3b0
0x0000000b8e3ff260:   00000007c0006c48 000000007718ca87
0x0000000b8e3ff270:   000001c156196150 0000000b8e3ff2d1
0x0000000b8e3ff280:   000001c152f1e3b0 0000000000000000 

Instructions: (pc=0x00000000772cbbfb)
0x00000000772cbbdb:   f8 7c 33 48 8b de e8 ca 9f 08 00 48 63 d0 ff c6
0x00000000772cbbeb:   48 0f af d3 49 8b cf 48 63 c6 48 2b ca 48 ff c3
0x00000000772cbbfb:   c7 01 00 00 00 00 48 3b 05 b8 09 56 00 7e d7 48
0x00000000772cbc0b:   8b 9d e8 00 00 00 48 8d 54 24 48 48 8d 4d 50 e8 


Register to memory mapping:

RAX=0x0000000000000006 is an unknown value
RBX=0x0000000000000006 is an unknown value
RCX=0x0000000b8e3fa190 is pointing into the stack for thread: 0x000001c15afe4800
RDX=0x0000000000005000 is an unknown value
RSP=0x0000000b8e3ff190 is pointing into the stack for thread: 0x000001c15afe4800
RBP=0x0000000b8e3ff290 is pointing into the stack for thread: 0x000001c15afe4800
RSI=0x0000000000000006 is an unknown value
RDI={method} {0x000001c152f1e3b8} 'run' '()V' in 'java/lang/Thread'
R8 =0x0000000000000005 is an unknown value
R9 =0x0000000000000006 is an unknown value
R10=0x000001c15afbfba0 is an unknown value
R11={method} {0x000001c152f1e3b8} 'run' '()V' in 'java/lang/Thread'
R12=0x000001c156196150 is an unknown value
R13=0x0000000b8e3ff560 is pointing into the stack for thread: 0x000001c15afe4800
R14=0x0000000b8e3ff490 is pointing into the stack for thread: 0x000001c15afe4800
R15=0x0000000b8e3ff190 is pointing into the stack for thread: 0x000001c15afe4800


Stack: [0x0000000b8e300000,0x0000000b8e400000],  sp=0x0000000b8e3ff190,  free space=1020k
Native frames: (J=compiled Java code, j=interpreted, Vv=VM code, C=native code)
V  [jvm.dll+0x20bbfb]


---------------  P R O C E S S  ---------------

Java Threads: ( => current thread )
=>0x000001c15afe4800 JavaThread "AMQP Connection 8.130.108.213:5672" [_thread_in_vm, id=15080, stack(0x0000000b8e300000,0x0000000b8e400000)]
  0x000001c15afe1800 JavaThread "spring.cloud.inetutils" daemon [_thread_in_native, id=9048, stack(0x0000000b8e200000,0x0000000b8e300000)]
  0x000001c15afe8800 JavaThread "File Watcher" daemon [_thread_blocked, id=2828, stack(0x0000000b8e100000,0x0000000b8e200000)]
  0x000001c15afe3000 JavaThread "com.alibaba.nacos.naming.push.receiver" daemon [_thread_in_native, id=23500, stack(0x0000000b8e000000,0x0000000b8e100000)]
  0x000001c15afe7800 JavaThread "com.alibaba.nacos.naming.failover" daemon [_thread_blocked, id=8520, stack(0x0000000b8df00000,0x0000000b8e000000)]
  0x000001c15afe1000 JavaThread "com.alibaba.nacos.client.naming.updater" daemon [_thread_blocked, id=9668, stack(0x0000000b8de00000,0x0000000b8df00000)]
  0x000001c15afdf800 JavaThread "com.alibaba.nacos.client.naming.updater" daemon [_thread_blocked, id=14820, stack(0x0000000b8dd00000,0x0000000b8de00000)]
  0x000001c15afe6000 JavaThread "com.alibaba.nacos.naming.client.listener" daemon [_thread_blocked, id=7568, stack(0x0000000b8b400000,0x0000000b8b500000)]
  0x000001c15afe0000 JavaThread "spring.cloud.inetutils" daemon [_thread_in_native, id=19080, stack(0x0000000b89d00000,0x0000000b89e00000)]
  0x000001c157154800 JavaThread "redisson-netty-8-32" [_thread_in_native, id=18600, stack(0x0000000b8dc00000,0x0000000b8dd00000)]
  0x000001c157153800 JavaThread "redisson-netty-8-30" [_thread_in_native, id=13216, stack(0x0000000b8db00000,0x0000000b8dc00000)]
  0x000001c157153000 JavaThread "redisson-netty-8-31" [_thread_in_native, id=27932, stack(0x0000000b8da00000,0x0000000b8db00000)]
  0x000001c157150000 JavaThread "redisson-netty-8-28" [_thread_in_native, id=24244, stack(0x0000000b8d900000,0x0000000b8da00000)]
  0x000001c157152000 JavaThread "redisson-netty-8-27" [_thread_in_native, id=11836, stack(0x0000000b8d800000,0x0000000b8d900000)]
  0x000001c15714f000 JavaThread "redisson-netty-8-29" [_thread_in_native, id=19248, stack(0x0000000b8d700000,0x0000000b8d800000)]
  0x000001c15714e800 JavaThread "redisson-netty-8-26" [_thread_in_native, id=18404, stack(0x0000000b8d600000,0x0000000b8d700000)]
  0x000001c157151800 JavaThread "pool-6-thread-1" [_thread_blocked, id=20664, stack(0x0000000b8d500000,0x0000000b8d600000)]
  0x000001c157150800 JavaThread "redisson-netty-8-25" [_thread_in_native, id=27032, stack(0x0000000b8d400000,0x0000000b8d500000)]
  0x000001c157147000 JavaThread "redisson-netty-8-24" [_thread_in_native, id=24620, stack(0x0000000b8d300000,0x0000000b8d400000)]
  0x000001c157146000 JavaThread "redisson-netty-8-22" [_thread_in_native, id=1344, stack(0x0000000b8d200000,0x0000000b8d300000)]
  0x000001c157148800 JavaThread "redisson-netty-8-21" [_thread_in_native, id=22772, stack(0x0000000b8d100000,0x0000000b8d200000)]
  0x000001c157147800 JavaThread "redisson-netty-8-23" [_thread_in_native, id=12312, stack(0x0000000b8d000000,0x0000000b8d100000)]
  0x000001c15714d000 JavaThread "redisson-netty-8-20" [_thread_in_native, id=6852, stack(0x0000000b8cf00000,0x0000000b8d000000)]
  0x000001c157145800 JavaThread "redisson-netty-8-19" [_thread_in_native, id=28756, stack(0x0000000b8ce00000,0x0000000b8cf00000)]
  0x000001c15714a800 JavaThread "redisson-netty-8-18" [_thread_in_native, id=6092, stack(0x0000000b8cd00000,0x0000000b8ce00000)]
  0x000001c15714c000 JavaThread "redisson-netty-8-17" [_thread_in_native, id=15912, stack(0x0000000b8cb00000,0x0000000b8cc00000)]
  0x000001c157149000 JavaThread "redisson-netty-8-16" [_thread_in_native, id=30244, stack(0x0000000b8ca00000,0x0000000b8cb00000)]
  0x000001c15714a000 JavaThread "redisson-netty-8-15" [_thread_in_native, id=23524, stack(0x0000000b8c900000,0x0000000b8ca00000)]
  0x000001c155b61000 JavaThread "redisson-netty-8-14" [_thread_in_native, id=17660, stack(0x0000000b8c800000,0x0000000b8c900000)]
  0x000001c155b5e000 JavaThread "redisson-netty-8-13" [_thread_in_native, id=26884, stack(0x0000000b8c700000,0x0000000b8c800000)]
  0x000001c155b60800 JavaThread "redisson-netty-8-12" [_thread_in_native, id=27376, stack(0x0000000b8c600000,0x0000000b8c700000)]
  0x000001c155b62800 JavaThread "redisson-netty-8-11" [_thread_in_native, id=29344, stack(0x0000000b8c500000,0x0000000b8c600000)]
  0x000001c155b5f800 JavaThread "redisson-netty-8-10" [_thread_in_native, id=26260, stack(0x0000000b8c400000,0x0000000b8c500000)]
  0x000001c155b62000 JavaThread "redisson-netty-8-9" [_thread_in_native, id=28316, stack(0x0000000b8c300000,0x0000000b8c400000)]
  0x000001c155b63800 JavaThread "redisson-netty-8-8" [_thread_in_native, id=25472, stack(0x0000000b8c200000,0x0000000b8c300000)]
  0x000001c155b5f000 JavaThread "redisson-netty-8-7" [_thread_in_native, id=24672, stack(0x0000000b8c100000,0x0000000b8c200000)]
  0x000001c155b56800 JavaThread "redisson-netty-8-6" [_thread_in_native, id=22636, stack(0x0000000b8c000000,0x0000000b8c100000)]
  0x000001c155b58000 JavaThread "redisson-netty-8-5" [_thread_in_native, id=21156, stack(0x0000000b8be00000,0x0000000b8bf00000)]
  0x000001c155b5d800 JavaThread "redisson-netty-8-4" [_thread_in_native, id=18884, stack(0x0000000b8bc00000,0x0000000b8bd00000)]
  0x000001c155b56000 JavaThread "redisson-netty-8-3" [_thread_in_native, id=27740, stack(0x0000000b8bb00000,0x0000000b8bc00000)]
  0x000001c155b5c800 JavaThread "redisson-netty-8-2" [_thread_in_native, id=27524, stack(0x0000000b8ba00000,0x0000000b8bb00000)]
  0x000001c155b59000 JavaThread "redisson-netty-8-1" [_thread_in_native, id=11476, stack(0x0000000b8b900000,0x0000000b8ba00000)]
  0x000001c155b57800 JavaThread "container-0" [_thread_blocked, id=31428, stack(0x0000000b8b800000,0x0000000b8b900000)]
  0x000001c155b5c000 JavaThread "Catalina-utility-2" [_thread_blocked, id=11244, stack(0x0000000b8b600000,0x0000000b8b700000)]
  0x000001c155b54800 JavaThread "Catalina-utility-1" [_thread_blocked, id=26356, stack(0x0000000b8b500000,0x0000000b8b600000)]
  0x000001c155b59800 JavaThread "restartedMain" [_thread_blocked, id=18624, stack(0x0000000b89c00000,0x0000000b89d00000)]
  0x000001c15afed000 JavaThread "Thread-2" [_thread_blocked, id=24640, stack(0x0000000b89b00000,0x0000000b89c00000)]
  0x000001c15afea000 JavaThread "DestroyJavaVM" [_thread_blocked, id=708, stack(0x0000000b89e00000,0x0000000b89f00000)]
  0x000001c155b5b000 JavaThread "Timer-0" daemon [_thread_blocked, id=26488, stack(0x0000000b8ee00000,0x0000000b8ef00000)]
  0x000001c15717e000 JavaThread "Thread-30" daemon [_thread_in_native, id=30508, stack(0x0000000b8bf00000,0x0000000b8c000000)]
  0x000001c15717d800 JavaThread "mysql-cj-abandoned-connection-cleanup" daemon [_thread_blocked, id=30956, stack(0x0000000b8bd00000,0x0000000b8be00000)]
  0x000001c156859000 JavaThread "RMI Scheduler(0)" daemon [_thread_blocked, id=19152, stack(0x0000000b8b700000,0x0000000b8b800000)]
  0x000001c1564ff000 JavaThread "RMI TCP Accept-0" daemon [_thread_in_native, id=32336, stack(0x0000000b8b200000,0x0000000b8b300000)]
  0x000001c1562aa800 JavaThread "Service Thread" daemon [_thread_blocked, id=27596, stack(0x0000000b8b100000,0x0000000b8b200000)]
  0x000001c156230800 JavaThread "C1 CompilerThread3" daemon [_thread_blocked, id=3984, stack(0x0000000b8b000000,0x0000000b8b100000)]
  0x000001c156208000 JavaThread "C2 CompilerThread2" daemon [_thread_blocked, id=24600, stack(0x0000000b8af00000,0x0000000b8b000000)]
  0x000001c1561f7000 JavaThread "C2 CompilerThread1" daemon [_thread_blocked, id=15292, stack(0x0000000b8ae00000,0x0000000b8af00000)]
  0x000001c1561f4000 JavaThread "C2 CompilerThread0" daemon [_thread_blocked, id=10216, stack(0x0000000b8ad00000,0x0000000b8ae00000)]
  0x000001c1561ec000 JavaThread "Monitor Ctrl-Break" daemon [_thread_in_native, id=32116, stack(0x0000000b8ac00000,0x0000000b8ad00000)]
  0x000001c153bb9000 JavaThread "Attach Listener" daemon [_thread_blocked, id=28308, stack(0x0000000b8ab00000,0x0000000b8ac00000)]
  0x000001c1557d3800 JavaThread "Signal Dispatcher" daemon [_thread_blocked, id=16796, stack(0x0000000b8aa00000,0x0000000b8ab00000)]
  0x000001c1537ed800 JavaThread "Finalizer" daemon [_thread_blocked, id=14244, stack(0x0000000b8a900000,0x0000000b8aa00000)]
  0x000001c153b79000 JavaThread "Reference Handler" daemon [_thread_blocked, id=19780, stack(0x0000000b8a800000,0x0000000b8a900000)]

Other Threads:
  0x000001c1537e2800 VMThread [stack: 0x0000000b8a700000,0x0000000b8a800000] [id=11028]
  0x000001c156512000 WatcherThread [stack: 0x0000000b8b300000,0x0000000b8b400000] [id=18592]

VM state:not at safepoint (normal execution)

VM Mutex/Monitor currently owned by a thread: None

heap address: 0x00000006c2400000, size: 4060 MB, Compressed Oops mode: Zero based, Oop shift amount: 3
Narrow klass base: 0x0000000000000000, Narrow klass shift: 3
Compressed class space size: 1073741824 Address: 0x00000007c0000000

Heap:
 PSYoungGen      total 401920K, used 246658K [0x000000076b700000, 0x0000000788b00000, 0x00000007c0000000)
  eden space 378880K, 61% used [0x000000076b700000,0x0000000779afad00,0x0000000782900000)
  from space 23040K, 57% used [0x0000000783f00000,0x0000000784be5e60,0x0000000785580000)
  to   space 22528K, 0% used [0x0000000782900000,0x0000000782900000,0x0000000783f00000)
 ParOldGen       total 203776K, used 41551K [0x00000006c2400000, 0x00000006ceb00000, 0x000000076b700000)
  object space 203776K, 20% used [0x00000006c2400000,0x00000006c4c93ca0,0x00000006ceb00000)
 Metaspace       used 69748K, capacity 74842K, committed 75096K, reserved 1114112K
  class space    used 9402K, capacity 10295K, committed 10368K, reserved 1048576K

Card table byte_map: [0x000001c149a90000,0x000001c14a280000] byte_map_base: 0x000001c14647e000

Marking Bits: (ParMarkBitMap*) 0x00000000778a9030
 Begin Bits: [0x000001c14a7d0000, 0x000001c14e740000)
 End Bits:   [0x000001c14e740000, 0x000001c1526b0000)

Polling page: 0x000001c13a6a0000

CodeCache: size=245760Kb used=16826Kb max_used=16826Kb free=228933Kb
 bounds [0x000001c13a6d0000, 0x000001c13b750000, 0x000001c1496d0000]
 total_blobs=9303 nmethods=8684 adapters=530
 compilation: enabled

Compilation events (10 events):
Event: 200.503 Thread 0x000001c156230800 8851       1       org.hibernate.validator.internal.metadata.aggregated.ExecutableMetaData$Builder::build (156 bytes)
Event: 200.504 Thread 0x000001c156230800 nmethod 8851 0x000001c13b73f550 code [0x000001c13b73f740, 0x000001c13b73fca0]
Event: 200.504 Thread 0x000001c156230800 8853       1       org.hibernate.validator.internal.metadata.aggregated.rule.OverridingMethodMustNotAlterParameterConstraints::apply (42 bytes)
Event: 200.504 Thread 0x000001c156230800 nmethod 8853 0x000001c13b740010 code [0x000001c13b7401a0, 0x000001c13b740470]
Event: 200.504 Thread 0x000001c156230800 8855       1       org.hibernate.validator.internal.util.ExecutableHelper::overrides (9 bytes)
Event: 200.504 Thread 0x000001c156230800 nmethod 8855 0x000001c13b7406d0 code [0x000001c13b740820, 0x000001c13b740970]
Event: 200.504 Thread 0x000001c156230800 8854       1       org.hibernate.validator.internal.metadata.aggregated.rule.MethodConfigurationRule::isDefinedOnSubType (29 bytes)
Event: 200.504 Thread 0x000001c156230800 nmethod 8854 0x000001c13b740a10 code [0x000001c13b740b80, 0x000001c13b740d90]
Event: 200.557 Thread 0x000001c156230800 8856       1       java.lang.ThreadGroup::checkAccess (14 bytes)
Event: 200.557 Thread 0x000001c156230800 nmethod 8856 0x000001c13b740f10 code [0x000001c13b741080, 0x000001c13b7412a0]

GC Heap History (10 events):
Event: 26.118 GC heap before
{Heap before GC invocations=16 (full 3):
 PSYoungGen      total 342528K, used 323072K [0x000000076b700000, 0x0000000782900000, 0x00000007c0000000)
  eden space 323072K, 100% used [0x000000076b700000,0x000000077f280000,0x000000077f280000)
  from space 19456K, 0% used [0x0000000780500000,0x0000000780500000,0x0000000781800000)
  to   space 18944K, 0% used [0x000000077f280000,0x000000077f280000,0x0000000780500000)
 ParOldGen       total 203776K, used 36047K [0x00000006c2400000, 0x00000006ceb00000, 0x000000076b700000)
  object space 203776K, 17% used [0x00000006c2400000,0x00000006c4733f78,0x00000006ceb00000)
 Metaspace       used 62657K, capacity 66286K, committed 66392K, reserved 1105920K
  class space    used 8383K, capacity 9032K, committed 9088K, reserved 1048576K
Event: 26.135 GC heap after
Heap after GC invocations=16 (full 3):
 PSYoungGen      total 342016K, used 17230K [0x000000076b700000, 0x0000000785c80000, 0x00000007c0000000)
  eden space 323072K, 0% used [0x000000076b700000,0x000000076b700000,0x000000077f280000)
  from space 18944K, 90% used [0x000000077f280000,0x00000007803538b8,0x0000000780500000)
  to   space 20992K, 0% used [0x0000000784800000,0x0000000784800000,0x0000000785c80000)
 ParOldGen       total 203776K, used 36055K [0x00000006c2400000, 0x00000006ceb00000, 0x000000076b700000)
  object space 203776K, 17% used [0x00000006c2400000,0x00000006c4735f78,0x00000006ceb00000)
 Metaspace       used 62657K, capacity 66286K, committed 66392K, reserved 1105920K
  class space    used 8383K, capacity 9032K, committed 9088K, reserved 1048576K
}
Event: 105.845 GC heap before
{Heap before GC invocations=17 (full 3):
 PSYoungGen      total 342016K, used 340302K [0x000000076b700000, 0x0000000785c80000, 0x00000007c0000000)
  eden space 323072K, 100% used [0x000000076b700000,0x000000077f280000,0x000000077f280000)
  from space 18944K, 90% used [0x000000077f280000,0x00000007803538b8,0x0000000780500000)
  to   space 20992K, 0% used [0x0000000784800000,0x0000000784800000,0x0000000785c80000)
 ParOldGen       total 203776K, used 36055K [0x00000006c2400000, 0x00000006ceb00000, 0x000000076b700000)
  object space 203776K, 17% used [0x00000006c2400000,0x00000006c4735f78,0x00000006ceb00000)
 Metaspace       used 67907K, capacity 72550K, committed 72664K, reserved 1112064K
  class space    used 9175K, capacity 9960K, committed 9984K, reserved 1048576K
Event: 105.856 GC heap after
Heap after GC invocations=17 (full 3):
 PSYoungGen      total 397824K, used 18972K [0x000000076b700000, 0x0000000785b00000, 0x00000007c0000000)
  eden space 378368K, 0% used [0x000000076b700000,0x000000076b700000,0x0000000782880000)
  from space 19456K, 97% used [0x0000000784800000,0x0000000785a87018,0x0000000785b00000)
  to   space 23040K, 0% used [0x0000000782e00000,0x0000000782e00000,0x0000000784480000)
 ParOldGen       total 203776K, used 36063K [0x00000006c2400000, 0x00000006ceb00000, 0x000000076b700000)
  object space 203776K, 17% used [0x00000006c2400000,0x00000006c4737f78,0x00000006ceb00000)
 Metaspace       used 67907K, capacity 72550K, committed 72664K, reserved 1112064K
  class space    used 9175K, capacity 9960K, committed 9984K, reserved 1048576K
}
Event: 190.141 GC heap before
{Heap before GC invocations=18 (full 3):
 PSYoungGen      total 397824K, used 126277K [0x000000076b700000, 0x0000000785b00000, 0x00000007c0000000)
  eden space 378368K, 28% used [0x000000076b700000,0x0000000771fca6f0,0x0000000782880000)
  from space 19456K, 97% used [0x0000000784800000,0x0000000785a87018,0x0000000785b00000)
  to   space 23040K, 0% used [0x0000000782e00000,0x0000000782e00000,0x0000000784480000)
 ParOldGen       total 203776K, used 36063K [0x00000006c2400000, 0x00000006ceb00000, 0x000000076b700000)
  object space 203776K, 17% used [0x00000006c2400000,0x00000006c4737f78,0x00000006ceb00000)
 Metaspace       used 68368K, capacity 73236K, committed 73304K, reserved 1112064K
  class space    used 9272K, capacity 10108K, committed 10112K, reserved 1048576K
Event: 190.149 GC heap after
Heap after GC invocations=18 (full 3):
 PSYoungGen      total 392704K, used 14224K [0x000000076b700000, 0x0000000785580000, 0x00000007c0000000)
  eden space 378368K, 0% used [0x000000076b700000,0x000000076b700000,0x0000000782880000)
  from space 14336K, 99% used [0x0000000782e00000,0x0000000783be4070,0x0000000783c00000)
  to   space 23040K, 0% used [0x0000000783f00000,0x0000000783f00000,0x0000000785580000)
 ParOldGen       total 203776K, used 36071K [0x00000006c2400000, 0x00000006ceb00000, 0x000000076b700000)
  object space 203776K, 17% used [0x00000006c2400000,0x00000006c4739f78,0x00000006ceb00000)
 Metaspace       used 68368K, capacity 73236K, committed 73304K, reserved 1112064K
  class space    used 9272K, capacity 10108K, committed 10112K, reserved 1048576K
}
Event: 190.149 GC heap before
{Heap before GC invocations=19 (full 4):
 PSYoungGen      total 392704K, used 14224K [0x000000076b700000, 0x0000000785580000, 0x00000007c0000000)
  eden space 378368K, 0% used [0x000000076b700000,0x000000076b700000,0x0000000782880000)
  from space 14336K, 99% used [0x0000000782e00000,0x0000000783be4070,0x0000000783c00000)
  to   space 23040K, 0% used [0x0000000783f00000,0x0000000783f00000,0x0000000785580000)
 ParOldGen       total 203776K, used 36071K [0x00000006c2400000, 0x00000006ceb00000, 0x000000076b700000)
  object space 203776K, 17% used [0x00000006c2400000,0x00000006c4739f78,0x00000006ceb00000)
 Metaspace       used 68368K, capacity 73236K, committed 73304K, reserved 1112064K
  class space    used 9272K, capacity 10108K, committed 10112K, reserved 1048576K
Event: 190.318 GC heap after
Heap after GC invocations=19 (full 4):
 PSYoungGen      total 392704K, used 0K [0x000000076b700000, 0x0000000785580000, 0x00000007c0000000)
  eden space 378368K, 0% used [0x000000076b700000,0x000000076b700000,0x0000000782880000)
  from space 14336K, 0% used [0x0000000782e00000,0x0000000782e00000,0x0000000783c00000)
  to   space 23040K, 0% used [0x0000000783f00000,0x0000000783f00000,0x0000000785580000)
 ParOldGen       total 203776K, used 41543K [0x00000006c2400000, 0x00000006ceb00000, 0x000000076b700000)
  object space 203776K, 20% used [0x00000006c2400000,0x00000006c4c91ca0,0x00000006ceb00000)
 Metaspace       used 68363K, capacity 73218K, committed 73304K, reserved 1112064K
  class space    used 9270K, capacity 10105K, committed 10112K, reserved 1048576K
}
Event: 194.938 GC heap before
{Heap before GC invocations=20 (full 4):
 PSYoungGen      total 392704K, used 378368K [0x000000076b700000, 0x0000000785580000, 0x00000007c0000000)
  eden space 378368K, 100% used [0x000000076b700000,0x0000000782880000,0x0000000782880000)
  from space 14336K, 0% used [0x0000000782e00000,0x0000000782e00000,0x0000000783c00000)
  to   space 23040K, 0% used [0x0000000783f00000,0x0000000783f00000,0x0000000785580000)
 ParOldGen       total 203776K, used 41543K [0x00000006c2400000, 0x00000006ceb00000, 0x000000076b700000)
  object space 203776K, 20% used [0x00000006c2400000,0x00000006c4c91ca0,0x00000006ceb00000)
 Metaspace       used 69266K, capacity 74236K, committed 74584K, reserved 1114112K
  class space    used 9362K, capacity 10258K, committed 10368K, reserved 1048576K
Event: 194.945 GC heap after
Heap after GC invocations=20 (full 4):
 PSYoungGen      total 401920K, used 13207K [0x000000076b700000, 0x0000000788b00000, 0x00000007c0000000)
  eden space 378880K, 0% used [0x000000076b700000,0x000000076b700000,0x0000000782900000)
  from space 23040K, 57% used [0x0000000783f00000,0x0000000784be5e60,0x0000000785580000)
  to   space 22528K, 0% used [0x0000000782900000,0x0000000782900000,0x0000000783f00000)
 ParOldGen       total 203776K, used 41551K [0x00000006c2400000, 0x00000006ceb00000, 0x000000076b700000)
  object space 203776K, 20% used [0x00000006c2400000,0x00000006c4c93ca0,0x00000006ceb00000)
 Metaspace       used 69266K, capacity 74236K, committed 74584K, reserved 1114112K
  class space    used 9362K, capacity 10258K, committed 10368K, reserved 1048576K
}

Deoptimization events (0 events):
No events

Classes redefined (0 events):
No events

Internal exceptions (10 events):
Event: 194.079 Thread 0x000001c155b59800 Exception <a 'java/lang/ArrayIndexOutOfBoundsException': 15> (0x0000000778c9db38) thrown at [C:\jenkins\workspace\8-2-build-windows-x64-cygwin\jdk8u341\2692\hotspot\src\share\vm\interpreter\interpreterRuntime.cpp, line 371]
Event: 194.261 Thread 0x000001c155b59800 Exception <a 'java/io/FileNotFoundException'> (0x000000077b438550) thrown at [C:\jenkins\workspace\8-2-build-windows-x64-cygwin\jdk8u341\2692\hotspot\src\share\vm\prims\jni.cpp, line 710]
Event: 194.264 Thread 0x000001c155b59800 Exception <a 'java/io/FileNotFoundException'> (0x000000077b445490) thrown at [C:\jenkins\workspace\8-2-build-windows-x64-cygwin\jdk8u341\2692\hotspot\src\share\vm\prims\jni.cpp, line 710]
Event: 194.268 Thread 0x000001c155b59800 Exception <a 'java/io/FileNotFoundException'> (0x000000077b467560) thrown at [C:\jenkins\workspace\8-2-build-windows-x64-cygwin\jdk8u341\2692\hotspot\src\share\vm\prims\jni.cpp, line 710]
Event: 194.268 Thread 0x000001c155b59800 Exception <a 'java/io/FileNotFoundException'> (0x000000077b468b30) thrown at [C:\jenkins\workspace\8-2-build-windows-x64-cygwin\jdk8u341\2692\hotspot\src\share\vm\prims\jni.cpp, line 710]
Event: 194.272 Thread 0x000001c155b59800 Exception <a 'java/io/FileNotFoundException'> (0x000000077b484bb8) thrown at [C:\jenkins\workspace\8-2-build-windows-x64-cygwin\jdk8u341\2692\hotspot\src\share\vm\prims\jni.cpp, line 710]
Event: 194.296 Thread 0x000001c155b59800 Exception <a 'java/io/FileNotFoundException'> (0x000000077b651878) thrown at [C:\jenkins\workspace\8-2-build-windows-x64-cygwin\jdk8u341\2692\hotspot\src\share\vm\prims\jni.cpp, line 710]
Event: 195.375 Thread 0x000001c155b59800 Exception <a 'java/net/BindException': Address already in use: JVM_Bind> (0x0000000770ee51a0) thrown at [C:\jenkins\workspace\8-2-build-windows-x64-cygwin\jdk8u341\2692\hotspot\src\share\vm\prims\jni.cpp, line 737]
Event: 199.687 Thread 0x000001c155b5b000 Exception <a 'java/io/FileNotFoundException'> (0x0000000778b6fe78) thrown at [C:\jenkins\workspace\8-2-build-windows-x64-cygwin\jdk8u341\2692\hotspot\src\share\vm\prims\jni.cpp, line 710]
Event: 199.687 Thread 0x000001c155b5b000 Exception <a 'java/io/FileNotFoundException'> (0x0000000778b70450) thrown at [C:\jenkins\workspace\8-2-build-windows-x64-cygwin\jdk8u341\2692\hotspot\src\share\vm\prims\jni.cpp, line 710]

Events (10 events):
Event: 200.479 loading class groovy/lang/MetaClass done
Event: 200.479 loading class groovy/lang$MetaClass
Event: 200.479 loading class groovy/lang$MetaClass done
Event: 200.481 loading class org/springframework/boot/actuate/health/HealthIndicator
Event: 200.481 loading class org/springframework/boot/actuate/health/HealthIndicator done
Event: 200.483 loading class org/springframework/boot/actuate/health/HealthIndicator
Event: 200.483 loading class org/springframework/boot/actuate/health/HealthIndicator done
Event: 200.503 Executing VM operation: RevokeBias
Event: 200.503 Executing VM operation: RevokeBias done
Event: 200.557 Thread 0x000001c15afe4800 Thread added: 0x000001c15afe4800


Dynamic libraries:
0x00007ff6772f0000 - 0x00007ff677337000 	D:\JAVA-jdk\jdk1.8.0_341\bin\java.exe
0x00007ff98b7f0000 - 0x00007ff98b9e8000 	C:\WINDOWS\SYSTEM32\ntdll.dll
0x00007ff98b5c0000 - 0x00007ff98b67d000 	C:\WINDOWS\System32\KERNEL32.DLL
0x00007ff989190000 - 0x00007ff989486000 	C:\WINDOWS\System32\KERNELBASE.dll
0x00007ff98b500000 - 0x00007ff98b5ae000 	C:\WINDOWS\System32\ADVAPI32.dll
0x00007ff98ab60000 - 0x00007ff98abfe000 	C:\WINDOWS\System32\msvcrt.dll
0x00007ff989c90000 - 0x00007ff989d2c000 	C:\WINDOWS\System32\sechost.dll
0x00007ff989880000 - 0x00007ff9899a6000 	C:\WINDOWS\System32\RPCRT4.dll
0x00007ff98a8b0000 - 0x00007ff98aa4e000 	C:\WINDOWS\System32\USER32.dll
0x00007ff989620000 - 0x00007ff989642000 	C:\WINDOWS\System32\win32u.dll
0x00007ff989e50000 - 0x00007ff989e7c000 	C:\WINDOWS\System32\GDI32.dll
0x00007ff989730000 - 0x00007ff98984a000 	C:\WINDOWS\System32\gdi32full.dll
0x00007ff988f40000 - 0x00007ff988fdd000 	C:\WINDOWS\System32\msvcp_win.dll
0x00007ff988fe0000 - 0x00007ff9890e0000 	C:\WINDOWS\System32\ucrtbase.dll
0x00007ff97a980000 - 0x00007ff97ac1a000 	C:\WINDOWS\WinSxS\amd64_microsoft.windows.common-controls_6595b64144ccf1df_6.0.19041.1110_none_60b5254171f9507e\COMCTL32.dll
0x00007ff989850000 - 0x00007ff989880000 	C:\WINDOWS\System32\IMM32.DLL
0x00007ff972020000 - 0x00007ff972035000 	D:\JAVA-jdk\jdk1.8.0_341\jre\bin\vcruntime140.dll
0x00007ff93afd0000 - 0x00007ff93b06b000 	D:\JAVA-jdk\jdk1.8.0_341\jre\bin\msvcp140.dll
0x00000000770c0000 - 0x0000000077921000 	D:\JAVA-jdk\jdk1.8.0_341\jre\bin\server\jvm.dll
0x00007ff98ab50000 - 0x00007ff98ab58000 	C:\WINDOWS\System32\PSAPI.DLL
0x00007ff9844d0000 - 0x00007ff9844d9000 	C:\WINDOWS\SYSTEM32\WSOCK32.dll
0x00007ff981f80000 - 0x00007ff981f8a000 	C:\WINDOWS\SYSTEM32\VERSION.dll
0x00007ff973790000 - 0x00007ff9737b7000 	C:\WINDOWS\SYSTEM32\WINMM.dll
0x00007ff98aa50000 - 0x00007ff98aabb000 	C:\WINDOWS\System32\WS2_32.dll
0x00007ff987720000 - 0x00007ff987732000 	C:\WINDOWS\SYSTEM32\kernel.appcore.dll
0x00007ff985620000 - 0x00007ff985630000 	D:\JAVA-jdk\jdk1.8.0_341\jre\bin\verify.dll
0x00007ff94eba0000 - 0x00007ff94ebcb000 	D:\JAVA-jdk\jdk1.8.0_341\jre\bin\java.dll
0x00007ff95ea50000 - 0x00007ff95ea80000 	D:\JAVA-jdk\jdk1.8.0_341\jre\bin\instrument.dll
0x00007ff94edf0000 - 0x00007ff94ee08000 	D:\JAVA-jdk\jdk1.8.0_341\jre\bin\zip.dll
0x00007ff98a150000 - 0x00007ff98a895000 	C:\WINDOWS\System32\SHELL32.dll
0x00007ff986ba0000 - 0x00007ff98733b000 	C:\WINDOWS\SYSTEM32\windows.storage.dll
0x00007ff98b140000 - 0x00007ff98b494000 	C:\WINDOWS\System32\combase.dll
0x00007ff988840000 - 0x00007ff98886e000 	C:\WINDOWS\SYSTEM32\Wldp.dll
0x00007ff989f40000 - 0x00007ff989fed000 	C:\WINDOWS\System32\SHCORE.dll
0x00007ff989e80000 - 0x00007ff989ed5000 	C:\WINDOWS\System32\shlwapi.dll
0x00007ff988e00000 - 0x00007ff988e25000 	C:\WINDOWS\SYSTEM32\profapi.dll
0x00007ff97cd40000 - 0x00007ff97cd5a000 	D:\JAVA-jdk\idea_2022.1.4\IntelliJ IDEA 2022.1.4\bin\breakgen64.dll
0x00007ff94eb60000 - 0x00007ff94eb7c000 	D:\JAVA-jdk\jdk1.8.0_341\jre\bin\net.dll
0x00007ff9885a0000 - 0x00007ff98860a000 	C:\WINDOWS\system32\mswsock.dll
0x00007ff9882d0000 - 0x00007ff98839a000 	C:\WINDOWS\SYSTEM32\DNSAPI.dll
0x00007ff988290000 - 0x00007ff9882cb000 	C:\WINDOWS\SYSTEM32\IPHLPAPI.DLL
0x00007ff98b5b0000 - 0x00007ff98b5b8000 	C:\WINDOWS\System32\NSI.dll
0x00007ff981c10000 - 0x00007ff981c1a000 	C:\Windows\System32\rasadhlp.dll
0x00007ff97e680000 - 0x00007ff97e702000 	C:\WINDOWS\System32\fwpuclnt.dll
0x00007ff9895f0000 - 0x00007ff989617000 	C:\WINDOWS\System32\bcrypt.dll
0x00007ff97bea0000 - 0x00007ff97bead000 	D:\JAVA-jdk\jdk1.8.0_341\jre\bin\management.dll
0x00007ff94e3e0000 - 0x00007ff94e3f3000 	D:\JAVA-jdk\jdk1.8.0_341\jre\bin\nio.dll
0x00007ff988790000 - 0x00007ff9887a8000 	C:\WINDOWS\SYSTEM32\CRYPTSP.dll
0x00007ff987eb0000 - 0x00007ff987ee4000 	C:\WINDOWS\system32\rsaenh.dll
0x00007ff988dc0000 - 0x00007ff988dee000 	C:\WINDOWS\SYSTEM32\USERENV.dll
0x00007ff989650000 - 0x00007ff9896d2000 	C:\WINDOWS\System32\bcryptprimitives.dll
0x00007ff9887b0000 - 0x00007ff9887bc000 	C:\WINDOWS\SYSTEM32\CRYPTBASE.dll
0x00007ff981820000 - 0x00007ff981837000 	C:\WINDOWS\SYSTEM32\dhcpcsvc6.DLL
0x00007ff981800000 - 0x00007ff98181d000 	C:\WINDOWS\SYSTEM32\dhcpcsvc.DLL
0x00007ff974bf0000 - 0x00007ff974c07000 	C:\WINDOWS\system32\napinsp.dll
0x00007ff972a60000 - 0x00007ff972a7b000 	C:\WINDOWS\system32\pnrpnsp.dll
0x00007ff984190000 - 0x00007ff9841a5000 	C:\WINDOWS\system32\wshbth.dll
0x00007ff981190000 - 0x00007ff9811ad000 	C:\WINDOWS\system32\NLAapi.dll
0x00007ff9776e0000 - 0x00007ff9776f2000 	C:\WINDOWS\System32\winrnr.dll
0x00007ff971ff0000 - 0x00007ff972014000 	D:\JAVA-jdk\jdk1.8.0_341\jre\bin\sunec.dll

VM Arguments:
jvm_args: -XX:TieredStopAtLevel=1 -Xverify:none -Dspring.output.ansi.enabled=always -Dcom.sun.management.jmxremote -Dspring.jmx.enabled=true -Dspring.liveBeansView.mbeanDomain -Dspring.application.admin.enabled=true -javaagent:D:\JAVA-jdk\idea_2022.1.4\IntelliJ IDEA 2022.1.4\lib\idea_rt.jar=58359:D:\JAVA-jdk\idea_2022.1.4\IntelliJ IDEA 2022.1.4\bin -Dfile.encoding=UTF-8 
java_command: ink.charter.ssyx.ServiceProductApplication
java_class_path (initial): D:\JAVA-jdk\jdk1.8.0_341\jre\lib\charsets.jar;D:\JAVA-jdk\jdk1.8.0_341\jre\lib\deploy.jar;D:\JAVA-jdk\jdk1.8.0_341\jre\lib\ext\access-bridge-64.jar;D:\JAVA-jdk\jdk1.8.0_341\jre\lib\ext\cldrdata.jar;D:\JAVA-jdk\jdk1.8.0_341\jre\lib\ext\dnsns.jar;D:\JAVA-jdk\jdk1.8.0_341\jre\lib\ext\jaccess.jar;D:\JAVA-jdk\jdk1.8.0_341\jre\lib\ext\jfxrt.jar;D:\JAVA-jdk\jdk1.8.0_341\jre\lib\ext\localedata.jar;D:\JAVA-jdk\jdk1.8.0_341\jre\lib\ext\nashorn.jar;D:\JAVA-jdk\jdk1.8.0_341\jre\lib\ext\sunec.jar;D:\JAVA-jdk\jdk1.8.0_341\jre\lib\ext\sunjce_provider.jar;D:\JAVA-jdk\jdk1.8.0_341\jre\lib\ext\sunmscapi.jar;D:\JAVA-jdk\jdk1.8.0_341\jre\lib\ext\sunpkcs11.jar;D:\JAVA-jdk\jdk1.8.0_341\jre\lib\ext\zipfs.jar;D:\JAVA-jdk\jdk1.8.0_341\jre\lib\javaws.jar;D:\JAVA-jdk\jdk1.8.0_341\jre\lib\jce.jar;D:\JAVA-jdk\jdk1.8.0_341\jre\lib\jfr.jar;D:\JAVA-jdk\jdk1.8.0_341\jre\lib\jfxswt.jar;D:\JAVA-jdk\jdk1.8.0_341\jre\lib\jsse.jar;D:\JAVA-jdk\jdk1.8.0_341\jre\lib\management-agent.jar;D:\JAVA-jdk\jdk1.8.0_341\jre\lib\plugin.jar;D:\JAVA-jdk\jdk1.8.0_341\jre\lib\resources.jar;D:\JAVA-jdk\jdk1.8.0_341\jre\lib\rt.jar;E:\Java_code\idea_workspace\MyProject\SSYX\charter-ssyx-parent\service\service-product\target\classes;E:\Maven\repository\com\aliyun\oss\aliyun-sdk-oss\3.9.1\aliyun-sdk-oss-3.9.1.jar;E:\Maven\repository\org\apache\httpcomponents\httpclient\4.5.1\httpclient-4.5.1.jar;E:\Maven\repository\org\apache\httpcomponents\httpcore\4.4.13\httpcore-4.4.13.jar;E:\Maven\repository\commons-logging\commons-logging\1.2\commons-logging-1.2.jar;E:\Maven\repository\commons-codec\commons-codec\1.14\commons-codec-1.14.jar;E:\Maven\repository\org\jdom\jdom\1.1\jdom-1.1.jar;E:\Maven\repository\org\codehaus\jettison\jettison\1.1\jettison-1.1.jar;E:\Maven\repository\stax\stax-api\1.0.1\stax-api-1.0.1.jar;E:\Maven\repository\com\aliyun\aliyun-java-sdk-core\4.1.1\aliyun-java-sdk-core-4.1.1.jar;E:\Maven\repository\com\google\code\gson\gson\2.8.6\gson-2.8.6.jar;E:\Maven\repository\javax\xml\bind\j
Launcher Type: SUN_STANDARD

Environment Variables:
JAVA_HOME=D:\JAVA-jdk\jdk1.8.0_341
CLASSPATH=D:\JAVA-jdk\jdk1.8.0_341\libdt.jar;D:\JAVA-jdk\jdk1.8.0_341\lib\tools.jar
PATH=C:\Program Files\Common Files\Oracle\Java\javapath;C:\Program Files (x86)\Common Files\Oracle\Java\javapath;D:\Program Files (x86)\VMware\VMware Workstation\bin\;C:\Program Files (x86)\Common Files\Intel\Shared Libraries\redist\intel64_win\compiler;D:\MySQL\MySQL Server 8.0.25\bin;C:\WINDOWS\system32;C:\WINDOWS;C:\WINDOWS\System32\Wbem;C:\WINDOWS\System32\WindowsPowerShell\v1.0\;C:\WINDOWS\System32\OpenSSH\;E:\Program Files\Microsoft SQL Server\Client SDK\ODBC\130\Tools\Binn\;E:\Program Files (x86)\Microsoft SQL Server\140\Tools\Binn\;E:\Program Files\Microsoft SQL Server\140\Tools\Binn\;E:\Program Files\Microsoft SQL Server\140\DTS\Binn\;E:\Program Files (x86)\Microsoft SQL Server\Client SDK\ODBC\130\Tools\Binn\;E:\Program Files (x86)\Microsoft SQL Server\140\DTS\Binn\;E:\Program Files (x86)\Microsoft SQL Server\140\Tools\Binn\ManagementStudio\;E:\Tomcat\apache-tomcat-9.0.71\lib;D:\Xshell_7.0.0122\;E:\Maven\apache-maven-3.8.7\bin;D:\VScode-1.75.1\MinGW-GCC\mingw64\bin;E:\Git-2.40.0\Git\cmd;D:\Node.js\node-v16.16.0\;E:\wechat-devtools\微信web开发者工具\dll;D:\JAVA-jdk\jdk1.8.0_341\bin;D:\MySQL\bin\;D:\Users\20886\anaconda3;D:\Users\20886\anaconda3\Library\mingw-w64\bin;D:\Users\20886\anaconda3\Library\usr\bin;D:\Users\20886\anaconda3\Library\bin;D:\Users\20886\anaconda3\Scripts;C:\Users\20886\AppData\Local\Microsoft\WindowsApps;D:\pycharm\PyCharm Community Edition 2020.1.5\bin;;D:\Program Files\Graphviz\bin;D:\VScode-1.75.1\Microsoft VS Code\bin;D:\VScode-1.75.1\MinGW-GCC\mingw64\bin;D:\CLion_2021.1.3\CLion 2021.1.3\bin;;C:\Users\20886\AppData\Local\GitHubDesktop\bin;C:\Users\20886\AppData\Roaming\npm
USERNAME=20886
OS=Windows_NT
PROCESSOR_IDENTIFIER=Intel64 Family 6 Model 158 Stepping 10, GenuineIntel



---------------  S Y S T E M  ---------------

OS: Windows 10 , 64 bit Build 19041 (10.0.19041.3393)

CPU:total 8 (initial active 8) (4 cores per cpu, 2 threads per core) family 6 model 158 stepping 10, cmov, cx8, fxsr, mmx, sse, sse2, sse3, ssse3, sse4.1, sse4.2, popcnt, avx, avx2, aes, clmul, erms, 3dnowpref, lzcnt, ht, tsc, tscinvbit, bmi1, bmi2, adx

Memory: 4k page, physical 16623928k(1339708k free), swap 32275920k(3540k free)

vm_info: Java HotSpot(TM) 64-Bit Server VM (25.341-b10) for windows-amd64 JRE (1.8.0_341-b10), built on Jun 16 2022 15:51:07 by "java_re" with MS VC++ 15.9 (VS2017)

time: Mon Oct  9 21:44:00 2023
timezone: Intel64 Family 6 Model 158 Stepping 10, GenuineIntel
elapsed time: 200.587886 seconds (0d 0h 3m 20s)

